[01:34:02] [main/INFO]: Loading Minecraft 1.21.1 with Fabric Loader 0.16.3
[01:34:02] [main/INFO]: Loading 4 mods:
	- fabricloader 0.16.3
	   \-- mixinextras 0.4.1
	- java 21
	- minecraft 1.21.1
[01:34:02] [main/INFO]: SpongePowered MIXIN Subsystem Version=0.8.7 Source=file:/workspaces/mc-2/servidor_minecraft/libraries/net/fabricmc/sponge-mixin/0.15.2+mixin.0.8.7/sponge-mixin-0.15.2+mixin.0.8.7.jar Service=Knot/Fabric Env=SERVER
[01:34:12] [main/INFO]: Environment: Environment[sessionHost=https://sessionserver.mojang.com, servicesHost=https://api.minecraftservices.com, name=PROD]
[01:34:14] [main/INFO]: Loaded 1290 recipes
[01:34:15] [main/INFO]: Loaded 1399 advancements
[01:34:16] [Server thread/INFO]: Starting minecraft server version 1.21.1
[01:34:16] [Server thread/INFO]: Loading properties
[01:34:16] [Server thread/INFO]: Default game type: SURVIVAL
[01:34:16] [Server thread/INFO]: Generating keypair
[01:34:16] [Server thread/INFO]: Starting Minecraft server on *:25565
[01:34:16] [Server thread/INFO]: Using epoll channel type
[01:34:16] [Server thread/WARN]: **** SERVER IS RUNNING IN OFFLINE/INSECURE MODE!
[01:34:16] [Server thread/WARN]: The server will make no attempt to authenticate usernames. Beware.
[01:34:16] [Server thread/WARN]: While this makes the game possible to play without internet access, it also opens up the ability for hackers to connect with any username they choose.
[01:34:16] [Server thread/WARN]: To change this, set "online-mode" to "true" in the server.properties file.
[01:34:16] [Server thread/INFO]: Preparing level "world"
[01:34:22] [Server thread/INFO]: Preparing start region for dimension minecraft:overworld
[01:34:23] [Worker-Main-1/INFO]: Preparing spawn area: 0%
[01:34:23] [Worker-Main-1/INFO]: Preparing spawn area: 0%
[01:34:23] [Server thread/INFO]: Time elapsed: 883 ms
[01:34:23] [Server thread/INFO]: Done (6.905s)! For help, type "help"
[01:42:54] [Server thread/INFO]: Stopping the server
[01:42:54] [Server thread/INFO]: Stopping server
[01:42:54] [Server thread/INFO]: Saving players
[01:42:54] [Server thread/INFO]: Saving worlds
[01:42:54] [Server thread/INFO]: Saving chunks for level 'ServerLevel[world]'/minecraft:overworld
[01:42:54] [Server thread/INFO]: Saving chunks for level 'ServerLevel[world]'/minecraft:the_end
[01:42:54] [Server thread/INFO]: Saving chunks for level 'ServerLevel[world]'/minecraft:the_nether
[01:42:54] [Server thread/INFO]: ThreadedAnvilChunkStorage (world): All chunks are saved
[01:42:54] [Server thread/INFO]: ThreadedAnvilChunkStorage (DIM1): All chunks are saved
[01:42:54] [Server thread/INFO]: ThreadedAnvilChunkStorage (DIM-1): All chunks are saved
[01:42:54] [Server thread/INFO]: ThreadedAnvilChunkStorage: All dimensions are saved
